#
# A fatal error has been detected by the Java Runtime Environment:
#
#  EXCEPTION_ACCESS_VIOLATION (0xc0000005) at pc=0x6da52b4b, pid=3684, tid=1244
#
# JRE version: 6.0_17-b04
# Java VM: Java HotSpot(TM) Client VM (14.3-b01 mixed mode, sharing windows-x86 )
# Problematic frame:
# V  [jvm.dll+0x1a2b4b]
#
# If you would like to submit a bug report, please visit:
#   http://java.sun.com/webapps/bugreport/crash.jsp
#

---------------  T H R E A D  ---------------

Current thread (0x019c1000):  VMThread [stack: 0x03a90000,0x03ae0000] [id=1244]

siginfo: ExceptionCode=0xc0000005, reading address 0xac7f81bc

Registers:
EAX=0xac7f81b0, EBX=0x03adf81c, ECX=0x00000000, EDX=0x279f38a4
ESP=0x03adf7f0, EBP=0x03adf7fc, ESI=0x279f38e8, EDI=0x279f3898
EIP=0x6da52b4b, EFLAGS=0x00010246

Top of Stack: (sp=0x03adf7f0)
0x03adf7f0:   279f3800 279f0000 279f5800 03adf830
0x03adf800:   6da52109 279f3800 0000081c 00000000
0x03adf810:   279f5870 03adf81c 019c15c0 6dad4f24
0x03adf820:   03adf800 019b28f0 279f0000 03adfa34
0x03adf830:   03adf858 6da5209d 279f3800 0000081c
0x03adf840:   279f37f0 279f5870 0025001b 00000800
0x03adf850:   279f3800 279f37f0 03adf87c 6d9120d4
0x03adf860:   279f3800 279f3800 00000010 0025001c 

Instructions: (pc=0x6da52b4b)
0x6da52b3b:   50 08 8d 48 08 53 57 ff 92 20 01 00 00 8b 46 04
0x6da52b4b:   8b 50 0c 8d 48 08 8b c2 c1 f8 02 85 d2 8b fe 89 


Stack: [0x03a90000,0x03ae0000],  sp=0x03adf7f0,  free space=317k
Native frames: (J=compiled Java code, j=interpreted, Vv=VM code, C=native code)
V  [jvm.dll+0x1a2b4b]
V  [jvm.dll+0x1a2109]
V  [jvm.dll+0x1a209d]
V  [jvm.dll+0x620d4]
V  [jvm.dll+0x61943]
V  [jvm.dll+0x61da6]
V  [jvm.dll+0x62227]
V  [jvm.dll+0xccbab]
V  [jvm.dll+0x81f00]
V  [jvm.dll+0x62022]
V  [jvm.dll+0x196493]
V  [jvm.dll+0xc69ff]
V  [jvm.dll+0xa333c]
V  [jvm.dll+0xc79f5]
V  [jvm.dll+0x7d50b]
V  [jvm.dll+0x1e6b0b]
V  [jvm.dll+0x1e9293]
V  [jvm.dll+0x1e852e]
V  [jvm.dll+0x1e887c]
V  [jvm.dll+0x1e8ca2]
V  [jvm.dll+0x173e4c]
C  [msvcr71.dll+0x9565]
C  [kernel32.dll+0x51194]
C  [ntdll.dll+0x5b495]
C  [ntdll.dll+0x5b468]

VM_Operation (0x001eef3c): GenCollectForAllocation, mode: safepoint, requested by thread 0x00199000


---------------  P R O C E S S  ---------------

Java Threads: ( => current thread )
  0x03e3c400 JavaThread "AWT-EventQueue-0" [_thread_blocked, id=1064, stack(0x045f0000,0x04640000)]
  0x03e38400 JavaThread "AWT-Windows" daemon [_thread_in_native, id=2800, stack(0x041b0000,0x04200000)]
  0x03e38000 JavaThread "AWT-Shutdown" [_thread_blocked, id=1856, stack(0x04160000,0x041b0000)]
  0x03e32400 JavaThread "Java2D Disposer" daemon [_thread_blocked, id=3144, stack(0x04110000,0x04160000)]
  0x01a13c00 JavaThread "Low Memory Detector" daemon [_thread_blocked, id=1164, stack(0x03c70000,0x03cc0000)]
  0x01a10400 JavaThread "CompilerThread0" daemon [_thread_blocked, id=4080, stack(0x03c20000,0x03c70000)]
  0x01a0fc00 JavaThread "Attach Listener" daemon [_thread_blocked, id=3828, stack(0x03bd0000,0x03c20000)]
  0x01a05400 JavaThread "Signal Dispatcher" daemon [_thread_blocked, id=512, stack(0x03b80000,0x03bd0000)]
  0x019c7400 JavaThread "Finalizer" daemon [_thread_blocked, id=3536, stack(0x03b30000,0x03b80000)]
  0x019c2800 JavaThread "Reference Handler" daemon [_thread_blocked, id=3992, stack(0x03ae0000,0x03b30000)]
  0x00199000 JavaThread "main" [_thread_blocked, id=2572, stack(0x001a0000,0x001f0000)]

Other Threads:
=>0x019c1000 VMThread [stack: 0x03a90000,0x03ae0000] [id=1244]
  0x01a15000 WatcherThread [stack: 0x03cc0000,0x03d10000] [id=568]

VM state:at safepoint (normal execution)

VM Mutex/Monitor currently owned by a thread:  ([mutex/lock_event])
[0x00197548] Threads_lock - owner thread: 0x019c1000
[0x00197958] Heap_lock - owner thread: 0x00199000

Heap
 def new generation   total 960K, used 896K [0x239f0000, 0x23af0000, 0x23ed0000)
  eden space 896K, 100% used [0x239f0000, 0x23ad0000, 0x23ad0000)
  from space 64K,   0% used [0x23ad0000, 0x23ad0000, 0x23ae0000)
  to   space 64K,   5% used [0x23ae0000, 0x23ae0f18, 0x23af0000)
 tenured generation   total 4096K, used 0K [0x23ed0000, 0x242d0000, 0x279f0000)
   the space 4096K,   0% used [0x23ed0000, 0x23ed0000, 0x23ed0200, 0x242d0000)
 compacting perm gen  total 12288K, used 128K [0x279f0000, 0x285f0000, 0x2b9f0000)
   the space 12288K,   1% used [0x279f0000, 0x27a102d8, 0x27a10400, 0x285f0000)
    ro space 8192K,  67% used [0x2b9f0000, 0x2bf58230, 0x2bf58400, 0x2c1f0000)
    rw space 12288K,  54% used [0x2c1f0000, 0x2c86d678, 0x2c86d800, 0x2cdf0000)

Dynamic libraries:
0x00400000 - 0x00424000 	C:\Program Files\Java\jdk1.6.0_17\bin\java.exe
0x77c30000 - 0x77d6c000 	C:\Windows\SYSTEM32\ntdll.dll
0x76150000 - 0x76224000 	C:\Windows\system32\kernel32.dll
0x75f20000 - 0x75f6a000 	C:\Windows\system32\KERNELBASE.dll
0x77b90000 - 0x77c30000 	C:\Windows\system32\ADVAPI32.dll
0x76bb0000 - 0x76c5c000 	C:\Windows\system32\msvcrt.dll
0x76250000 - 0x76269000 	C:\Windows\SYSTEM32\sechost.dll
0x76520000 - 0x765c1000 	C:\Windows\system32\RPCRT4.dll
0x7c340000 - 0x7c396000 	C:\Program Files\Java\jdk1.6.0_17\jre\bin\msvcr71.dll
0x6d8b0000 - 0x6db3b000 	C:\Program Files\Java\jdk1.6.0_17\jre\bin\client\jvm.dll
0x76080000 - 0x76149000 	C:\Windows\system32\USER32.dll
0x76620000 - 0x7666e000 	C:\Windows\system32\GDI32.dll
0x76270000 - 0x7627a000 	C:\Windows\system32\LPK.dll
0x769e0000 - 0x76a7d000 	C:\Windows\system32\USP10.dll
0x74a90000 - 0x74ac2000 	C:\Windows\system32\WINMM.dll
0x76230000 - 0x7624f000 	C:\Windows\system32\IMM32.DLL
0x77d90000 - 0x77e5c000 	C:\Windows\system32\MSCTF.dll
0x75cb0000 - 0x75cfb000 	C:\Windows\system32\apphelp.dll
0x6d860000 - 0x6d86c000 	C:\Program Files\Java\jdk1.6.0_17\jre\bin\verify.dll
0x6d3e0000 - 0x6d3ff000 	C:\Program Files\Java\jdk1.6.0_17\jre\bin\java.dll
0x6d340000 - 0x6d348000 	C:\Program Files\Java\jdk1.6.0_17\jre\bin\hpi.dll
0x76700000 - 0x76705000 	C:\Windows\system32\PSAPI.DLL
0x6d8a0000 - 0x6d8af000 	C:\Program Files\Java\jdk1.6.0_17\jre\bin\zip.dll
0x6d0b0000 - 0x6d1fa000 	C:\Program Files\Java\jdk1.6.0_17\jre\bin\awt.dll
0x70870000 - 0x708c1000 	C:\Windows\system32\WINSPOOL.DRV
0x76280000 - 0x763dc000 	C:\Windows\system32\ole32.dll
0x74ce0000 - 0x74e7e000 	C:\Windows\WinSxS\x86_microsoft.windows.common-controls_6595b64144ccf1df_6.0.7600.16661_none_420fe3fa2b8113bd\comctl32.dll
0x76a80000 - 0x76ad7000 	C:\Windows\system32\SHLWAPI.dll
0x746d0000 - 0x746e3000 	C:\Windows\system32\DWMAPI.DLL
0x749e0000 - 0x74a20000 	C:\Windows\system32\uxtheme.dll
0x6d2e0000 - 0x6d334000 	C:\Program Files\Java\jdk1.6.0_17\jre\bin\fontmanager.dll
0x75d00000 - 0x75d0c000 	C:\Windows\system32\CRYPTBASE.dll
0x76f40000 - 0x77b89000 	C:\Windows\system32\shell32.dll

VM Arguments:
jvm_args: -Dfile.encoding=UTF-8 
java_command: associationmininganalysis.Test
Launcher Type: SUN_STANDARD

Environment Variables:
JAVA_HOME=C:\Program Files\Java\jdk1.6.0_17
PATH=C:\Program Files\PC Connectivity Solution\;C:\oraclexe\app\oracle\product\10.2.0\server\bin;C:\Windows\system32;C:\Windows;C:\Windows\System32\Wbem;C:\Windows\System32\WindowsPowerShell\v1.0\;C:\Program Files\MySQL\MySQL Server 5.1\bin
USERNAME=VISHAL
OS=Windows_NT
PROCESSOR_IDENTIFIER=x86 Family 6 Model 15 Stepping 13, GenuineIntel



---------------  S Y S T E M  ---------------

OS: Windows 7 Build 7600 

CPU:total 2 (2 cores per cpu, 1 threads per core) family 6 model 15 stepping 13, cmov, cx8, fxsr, mmx, sse, sse2, sse3, ssse3

Memory: 4k page, physical 2088248k(907700k free), swap 4176496k(2191664k free)

vm_info: Java HotSpot(TM) Client VM (14.3-b01) for windows-x86 JRE (1.6.0_17-b04), built on Oct 11 2009 00:52:06 by "java_re" with MS VC++ 7.1

time: Tue May 10 01:54:21 2011
elapsed time: 0 seconds

