#
# A fatal error has been detected by the Java Runtime Environment:
#
#  EXCEPTION_ACCESS_VIOLATION (0xc0000005) at pc=0x6d98c4da, pid=4092, tid=3720
#
# JRE version: 6.0_17-b04
# Java VM: Java HotSpot(TM) Client VM (14.3-b01 mixed mode, sharing windows-x86 )
# Problematic frame:
# V  [jvm.dll+0xdc4da]
#
# If you would like to submit a bug report, please visit:
#   http://java.sun.com/webapps/bugreport/crash.jsp
#

---------------  T H R E A D  ---------------

Current thread (0x01911000):  VMThread [stack: 0x03a60000,0x03ab0000] [id=3720]

siginfo: ExceptionCode=0xc0000005, reading address 0xac817ac8

Registers:
EAX=0x2c210ee4, EBX=0x23f3ab1c, ECX=0x2c210ee8, EDX=0x0000000b
ESP=0x03aaf934, EBP=0x03aaf950, ESI=0xac817ac8, EDI=0x23f3ab48
EIP=0x6d98c4da, EFLAGS=0x00010282

Top of Stack: (sp=0x03aaf934)
0x03aaf934:   002dc780 6daf58ac 2c7f85a8 2c210ee8
0x03aaf944:   23f3ab48 00000003 2c210ee4 03aaf964
0x03aaf954:   6da0955a 23f3ab08 6da09842 6daf58ac
0x03aaf964:   03aaf978 6da848a4 6db11260 6daf58ac
0x03aaf974:   002dc780 03aaf994 6da4631d 6daf58ac
0x03aaf984:   00000000 6daf58ac 6daf58ac 002dc780
0x03aaf994:   03aaf9b8 6d9769ff 00000001 00000002
0x03aaf9a4:   6daf58ac 6daf58ac 00000001 002dc780 

Instructions: (pc=0x6d98c4da)
0x6d98c4ca:   0f 83 98 00 00 00 8b 33 85 f6 0f 84 80 00 00 00
0x6d98c4da:   8b 0e 83 e1 03 80 f9 03 74 76 8b 06 c7 45 f8 03 


Stack: [0x03a60000,0x03ab0000],  sp=0x03aaf934,  free space=318k
Native frames: (J=compiled Java code, j=interpreted, Vv=VM code, C=native code)
V  [jvm.dll+0xdc4da]
V  [jvm.dll+0x15955a]
V  [jvm.dll+0x1d48a4]
V  [jvm.dll+0x19631d]
V  [jvm.dll+0xc69ff]
V  [jvm.dll+0xc866c]
V  [jvm.dll+0xc89c0]
V  [jvm.dll+0xcc99a]
V  [jvm.dll+0x1cb112]
V  [jvm.dll+0xc79f5]
V  [jvm.dll+0x7d50b]
V  [jvm.dll+0x1e6b0b]
V  [jvm.dll+0x1e9293]
V  [jvm.dll+0x1e852e]
V  [jvm.dll+0x1e887c]
V  [jvm.dll+0x1e8ca2]
V  [jvm.dll+0x173e4c]
C  [msvcr71.dll+0x9565]
C  [kernel32.dll+0x51194]
C  [ntdll.dll+0x5b495]
C  [ntdll.dll+0x5b468]

VM_Operation (0x002bf23c): GenCollectForAllocation, mode: safepoint, requested by thread 0x002d9000


---------------  P R O C E S S  ---------------

Java Threads: ( => current thread )
  0x03e4b800 JavaThread "TimerQueue" daemon [_thread_blocked, id=1356, stack(0x04650000,0x046a0000)]
  0x03de4000 JavaThread "AWT-EventQueue-0" [_thread_blocked, id=3304, stack(0x04600000,0x04650000)]
  0x03ddf400 JavaThread "AWT-Windows" daemon [_thread_in_native, id=2776, stack(0x041c0000,0x04210000)]
  0x03ddf000 JavaThread "AWT-Shutdown" [_thread_blocked, id=3200, stack(0x04170000,0x041c0000)]
  0x01985400 JavaThread "Java2D Disposer" daemon [_thread_blocked, id=300, stack(0x03fd0000,0x04020000)]
  0x01967000 JavaThread "Low Memory Detector" daemon [_thread_blocked, id=3504, stack(0x03c40000,0x03c90000)]
  0x01960800 JavaThread "CompilerThread0" daemon [_thread_blocked, id=1116, stack(0x03bf0000,0x03c40000)]
  0x0195fc00 JavaThread "Attach Listener" daemon [_thread_blocked, id=548, stack(0x03ba0000,0x03bf0000)]
  0x01955400 JavaThread "Signal Dispatcher" daemon [_thread_blocked, id=3224, stack(0x03b50000,0x03ba0000)]
  0x01917400 JavaThread "Finalizer" daemon [_thread_blocked, id=2864, stack(0x03b00000,0x03b50000)]
  0x01912800 JavaThread "Reference Handler" daemon [_thread_blocked, id=3652, stack(0x03ab0000,0x03b00000)]
  0x002d9000 JavaThread "main" [_thread_blocked, id=2100, stack(0x00270000,0x002c0000)]

Other Threads:
=>0x01911000 VMThread [stack: 0x03a60000,0x03ab0000] [id=3720]
  0x01968800 WatcherThread [stack: 0x03c90000,0x03ce0000] [id=3448]

VM state:at safepoint (normal execution)

VM Mutex/Monitor currently owned by a thread:  ([mutex/lock_event])
[0x002d7548] Threads_lock - owner thread: 0x01911000
[0x002d7958] Heap_lock - owner thread: 0x002d9000

Heap
 def new generation   total 960K, used 52K [0x239f0000, 0x23af0000, 0x23ed0000)
  eden space 896K,   0% used [0x239f0000, 0x239f0000, 0x23ad0000)
  from space 64K,  82% used [0x23ad0000, 0x23add388, 0x23ae0000)
  to   space 64K,   0% used [0x23ae0000, 0x23ae0000, 0x23af0000)
 tenured generation   total 10300K, used 10292K [0x23ed0000, 0x248df000, 0x279f0000)
   the space 10300K,  99% used [0x23ed0000, 0x248dd188, 0x248dd200, 0x248df000)
 compacting perm gen  total 12288K, used 276K [0x279f0000, 0x285f0000, 0x2b9f0000)
   the space 12288K,   2% used [0x279f0000, 0x27a35350, 0x27a35400, 0x285f0000)
    ro space 8192K,  67% used [0x2b9f0000, 0x2bf58230, 0x2bf58400, 0x2c1f0000)
    rw space 12288K,  54% used [0x2c1f0000, 0x2c86d678, 0x2c86d800, 0x2cdf0000)

Dynamic libraries:
0x00400000 - 0x00424000 	C:\Program Files\Java\jdk1.6.0_17\bin\java.exe
0x77c30000 - 0x77d6c000 	C:\Windows\SYSTEM32\ntdll.dll
0x76150000 - 0x76224000 	C:\Windows\system32\kernel32.dll
0x75f20000 - 0x75f6a000 	C:\Windows\system32\KERNELBASE.dll
0x77b90000 - 0x77c30000 	C:\Windows\system32\ADVAPI32.dll
0x76bb0000 - 0x76c5c000 	C:\Windows\system32\msvcrt.dll
0x76250000 - 0x76269000 	C:\Windows\SYSTEM32\sechost.dll
0x76520000 - 0x765c1000 	C:\Windows\system32\RPCRT4.dll
0x7c340000 - 0x7c396000 	C:\Program Files\Java\jdk1.6.0_17\jre\bin\msvcr71.dll
0x6d8b0000 - 0x6db3b000 	C:\Program Files\Java\jdk1.6.0_17\jre\bin\client\jvm.dll
0x76080000 - 0x76149000 	C:\Windows\system32\USER32.dll
0x76620000 - 0x7666e000 	C:\Windows\system32\GDI32.dll
0x76270000 - 0x7627a000 	C:\Windows\system32\LPK.dll
0x769e0000 - 0x76a7d000 	C:\Windows\system32\USP10.dll
0x74a90000 - 0x74ac2000 	C:\Windows\system32\WINMM.dll
0x76230000 - 0x7624f000 	C:\Windows\system32\IMM32.DLL
0x77d90000 - 0x77e5c000 	C:\Windows\system32\MSCTF.dll
0x75cb0000 - 0x75cfb000 	C:\Windows\system32\apphelp.dll
0x6d860000 - 0x6d86c000 	C:\Program Files\Java\jdk1.6.0_17\jre\bin\verify.dll
0x6d3e0000 - 0x6d3ff000 	C:\Program Files\Java\jdk1.6.0_17\jre\bin\java.dll
0x6d340000 - 0x6d348000 	C:\Program Files\Java\jdk1.6.0_17\jre\bin\hpi.dll
0x76700000 - 0x76705000 	C:\Windows\system32\PSAPI.DLL
0x6d8a0000 - 0x6d8af000 	C:\Program Files\Java\jdk1.6.0_17\jre\bin\zip.dll
0x6d0b0000 - 0x6d1fa000 	C:\Program Files\Java\jdk1.6.0_17\jre\bin\awt.dll
0x70870000 - 0x708c1000 	C:\Windows\system32\WINSPOOL.DRV
0x76280000 - 0x763dc000 	C:\Windows\system32\ole32.dll
0x74ce0000 - 0x74e7e000 	C:\Windows\WinSxS\x86_microsoft.windows.common-controls_6595b64144ccf1df_6.0.7600.16661_none_420fe3fa2b8113bd\comctl32.dll
0x76a80000 - 0x76ad7000 	C:\Windows\system32\SHLWAPI.dll
0x746d0000 - 0x746e3000 	C:\Windows\system32\DWMAPI.DLL
0x749e0000 - 0x74a20000 	C:\Windows\system32\uxtheme.dll
0x6d2e0000 - 0x6d334000 	C:\Program Files\Java\jdk1.6.0_17\jre\bin\fontmanager.dll
0x75d00000 - 0x75d0c000 	C:\Windows\system32\CRYPTBASE.dll
0x76f40000 - 0x77b89000 	C:\Windows\system32\shell32.dll
0x6d6c0000 - 0x6d6d3000 	C:\Program Files\Java\jdk1.6.0_17\jre\bin\net.dll
0x76b70000 - 0x76ba5000 	C:\Windows\system32\WS2_32.dll
0x77d70000 - 0x77d76000 	C:\Windows\system32\NSI.dll
0x757f0000 - 0x7582c000 	C:\Windows\system32\mswsock.dll
0x757e0000 - 0x757e6000 	C:\Windows\System32\wship6.dll
0x6d6e0000 - 0x6d6e9000 	C:\Program Files\Java\jdk1.6.0_17\jre\bin\nio.dll
0x76ae0000 - 0x76b63000 	C:\Windows\system32\CLBCatQ.DLL
0x76670000 - 0x766ff000 	C:\Windows\system32\OLEAUT32.dll

VM Arguments:
jvm_args: -Dfile.encoding=UTF-8 
java_command: associationmininganalysis.Test
Launcher Type: SUN_STANDARD

Environment Variables:
JAVA_HOME=C:\Program Files\Java\jdk1.6.0_17
PATH=C:\Program Files\PC Connectivity Solution\;C:\oraclexe\app\oracle\product\10.2.0\server\bin;C:\Windows\system32;C:\Windows;C:\Windows\System32\Wbem;C:\Windows\System32\WindowsPowerShell\v1.0\;C:\Program Files\MySQL\MySQL Server 5.1\bin
USERNAME=VISHAL
OS=Windows_NT
PROCESSOR_IDENTIFIER=x86 Family 6 Model 15 Stepping 13, GenuineIntel



---------------  S Y S T E M  ---------------

OS: Windows 7 Build 7600 

CPU:total 2 (2 cores per cpu, 1 threads per core) family 6 model 15 stepping 13, cmov, cx8, fxsr, mmx, sse, sse2, sse3, ssse3

Memory: 4k page, physical 2088248k(901996k free), swap 4176496k(2191748k free)

vm_info: Java HotSpot(TM) Client VM (14.3-b01) for windows-x86 JRE (1.6.0_17-b04), built on Oct 11 2009 00:52:06 by "java_re" with MS VC++ 7.1

time: Tue May 10 01:53:54 2011
elapsed time: 4 seconds

